<?xml version="1.0" encoding="UTF-8"?>
<!-- Generated by org.testng.reporters.JUnitXMLReporter -->
<testsuite ignored="0" hostname="DESKTOP-BP70A0C" failures="0" tests="3" name="DataDrivenTesting" time="2.351" errors="0" timestamp="27 Aug 2023 15:56:49 GMT">
  <testcase classname="tests.DataDrivenTesting" name="@BeforeMethod beforeMethod" time="2.035">
    <failure type="org.openqa.selenium.SessionNotCreatedException" message="session not created: This version of ChromeDriver only supports Chrome version 114
Current browser version is 116.0.5845.111 with binary path C:\Program Files\Google\Chrome\Application\chrome.exe
Build info: version: &amp;apos;3.141.59&amp;apos;, revision: &amp;apos;e82be7d358&amp;apos;, time: &amp;apos;2018-11-14T08:17:03&amp;apos;
System info: host: &amp;apos;DESKTOP-BP70A0C&amp;apos;, ip: &amp;apos;10.0.0.182&amp;apos;, os.name: &amp;apos;Windows 10&amp;apos;, os.arch: &amp;apos;amd64&amp;apos;, os.version: &amp;apos;10.0&amp;apos;, java.version: &amp;apos;16.0.1&amp;apos;
Driver info: driver.version: ChromeDriver
remote stacktrace: Backtrace:
	GetHandleVerifier [0x0093A813+48355]
	(No symbol) [0x008CC4B1]
	(No symbol) [0x007D5358]
	(No symbol) [0x007F61AC]
	(No symbol) [0x007F1EF3]
	(No symbol) [0x007F0579]
	(No symbol) [0x00820C55]
	(No symbol) [0x0082093C]
	(No symbol) [0x0081A536]
	(No symbol) [0x007F82DC]
	(No symbol) [0x007F93DD]
	GetHandleVerifier [0x00B9AABD+2539405]
	GetHandleVerifier [0x00BDA78F+2800735]
	GetHandleVerifier [0x00BD456C+2775612]
	GetHandleVerifier [0x009C51E0+616112]
	(No symbol) [0x008D5F8C]
	(No symbol) [0x008D2328]
	(No symbol) [0x008D240B]
	(No symbol) [0x008C4FF7]
	BaseThreadInitThunk [0x75DA00C9+25]
	RtlGetAppContainerNamedObjectPath [0x76EC7B1E+286]
	RtlGetAppContainerNamedObjectPath [0x76EC7AEE+238]
">
      <![CDATA[org.openqa.selenium.SessionNotCreatedException: session not created: This version of ChromeDriver only supports Chrome version 114
Current browser version is 116.0.5845.111 with binary path C:\Program Files\Google\Chrome\Application\chrome.exe
Build info: version: '3.141.59', revision: 'e82be7d358', time: '2018-11-14T08:17:03'
System info: host: 'DESKTOP-BP70A0C', ip: '10.0.0.182', os.name: 'Windows 10', os.arch: 'amd64', os.version: '10.0', java.version: '16.0.1'
Driver info: driver.version: ChromeDriver
remote stacktrace: Backtrace:
GetHandleVerifier [0x0093A813+48355]
(No symbol) [0x008CC4B1]
(No symbol) [0x007D5358]
(No symbol) [0x007F61AC]
(No symbol) [0x007F1EF3]
(No symbol) [0x007F0579]
(No symbol) [0x00820C55]
(No symbol) [0x0082093C]
(No symbol) [0x0081A536]
(No symbol) [0x007F82DC]
(No symbol) [0x007F93DD]
GetHandleVerifier [0x00B9AABD+2539405]
GetHandleVerifier [0x00BDA78F+2800735]
GetHandleVerifier [0x00BD456C+2775612]
GetHandleVerifier [0x009C51E0+616112]
(No symbol) [0x008D5F8C]
(No symbol) [0x008D2328]
(No symbol) [0x008D240B]
(No symbol) [0x008C4FF7]
BaseThreadInitThunk [0x75DA00C9+25]
RtlGetAppContainerNamedObjectPath [0x76EC7B1E+286]
RtlGetAppContainerNamedObjectPath [0x76EC7AEE+238]

at org.openqa.selenium.remote.W3CHandshakeResponse.lambda$errorHandler$0(W3CHandshakeResponse.java:62)
at org.openqa.selenium.remote.HandshakeResponse.lambda$getResponseFunction$0(HandshakeResponse.java:30)
at org.openqa.selenium.remote.ProtocolHandshake.lambda$createSession$0(ProtocolHandshake.java:126)
at java.base/java.util.stream.ReferencePipeline$3$1.accept(ReferencePipeline.java:197)
at java.base/java.util.Spliterators$ArraySpliterator.tryAdvance(Spliterators.java:958)
at java.base/java.util.stream.ReferencePipeline.forEachWithCancel(ReferencePipeline.java:129)
at java.base/java.util.stream.AbstractPipeline.copyIntoWithCancel(AbstractPipeline.java:502)
at java.base/java.util.stream.AbstractPipeline.copyInto(AbstractPipeline.java:488)
at java.base/java.util.stream.AbstractPipeline.wrapAndCopyInto(AbstractPipeline.java:474)
at java.base/java.util.stream.FindOps$FindOp.evaluateSequential(FindOps.java:150)
at java.base/java.util.stream.AbstractPipeline.evaluate(AbstractPipeline.java:234)
at java.base/java.util.stream.ReferencePipeline.findFirst(ReferencePipeline.java:647)
at org.openqa.selenium.remote.ProtocolHandshake.createSession(ProtocolHandshake.java:128)
at org.openqa.selenium.remote.ProtocolHandshake.createSession(ProtocolHandshake.java:74)
at org.openqa.selenium.remote.HttpCommandExecutor.execute(HttpCommandExecutor.java:136)
at org.openqa.selenium.remote.service.DriverCommandExecutor.execute(DriverCommandExecutor.java:83)
at org.openqa.selenium.remote.RemoteWebDriver.execute(RemoteWebDriver.java:552)
at org.openqa.selenium.remote.RemoteWebDriver.startSession(RemoteWebDriver.java:213)
at org.openqa.selenium.remote.RemoteWebDriver.<init>(RemoteWebDriver.java:131)
at org.openqa.selenium.chrome.ChromeDriver.<init>(ChromeDriver.java:181)
at org.openqa.selenium.chrome.ChromeDriver.<init>(ChromeDriver.java:168)
at org.openqa.selenium.chrome.ChromeDriver.<init>(ChromeDriver.java:123)
at core.Base.initializeDriver(Base.java:101)
at tests.DataDrivenTesting.beforeMethod(DataDrivenTesting.java:22)
... Removed 33 stack frames]]>
    </failure>
  </testcase> <!-- @BeforeMethod beforeMethod -->
  <testcase classname="tests.DataDrivenTesting" name="@AfterMethod afterMethod" time="0.0">
    <skipped/>
  </testcase> <!-- @AfterMethod afterMethod -->
  <testcase classname="tests.DataDrivenTesting" name="@BeforeMethod beforeMethod" time="0.0">
    <skipped/>
  </testcase> <!-- @BeforeMethod beforeMethod -->
  <testcase classname="tests.DataDrivenTesting" name="@AfterMethod afterMethod" time="0.0">
    <skipped/>
  </testcase> <!-- @AfterMethod afterMethod -->
  <testcase classname="tests.DataDrivenTesting" name="@BeforeMethod beforeMethod" time="0.0">
    <skipped/>
  </testcase> <!-- @BeforeMethod beforeMethod -->
  <testcase classname="tests.DataDrivenTesting" name="@AfterMethod afterMethod" time="0.0">
    <skipped/>
  </testcase> <!-- @AfterMethod afterMethod -->
  <testcase classname="tests.DataDrivenTesting" name="test" time="0.0">
    <skipped/>
  </testcase> <!-- test -->
  <testcase classname="tests.DataDrivenTesting" name="test" time="0.0">
    <skipped/>
  </testcase> <!-- test -->
  <testcase classname="tests.DataDrivenTesting" name="test" time="0.0">
    <skipped/>
  </testcase> <!-- test -->
</testsuite> <!-- DataDrivenTesting -->
